<?xml version="1.0" encoding="UTF-8"?>
<!-- Generated by org.testng.reporters.JUnitXMLReporter -->
<testsuite ignored="0" hostname="DESKTOP-KQV1UM2" failures="0" tests="3" name="Test" time="8.709" errors="0" timestamp="2024-05-29T12:27:38 IST">
  <testcase classname="com.crm.ListenerCode.DWSBaseClass" name="@BeforeMethod beforeMethod" time="1.671">
    <failure type="java.lang.IllegalArgumentException" message="Keys to send should be a not null CharSequence">
      <![CDATA[java.lang.IllegalArgumentException: Keys to send should be a not null CharSequence
at org.openqa.selenium.remote.RemoteWebElement.sendKeys(RemoteWebElement.java:97)
at com.crm.ListenerCode.DWSBaseClass.beforeMethod(DWSBaseClass.java:62)
at java.base/java.util.ArrayList.forEach(ArrayList.java:1511)
... Removed 31 stack frames]]>
    </failure>
  </testcase> <!-- @BeforeMethod beforeMethod -->
  <testcase classname="com.crm.ListenerCode.DWSBaseClass" name="@AfterMethod afterMethod" time="-1.716965858708E9">
    <skipped/>
  </testcase> <!-- @AfterMethod afterMethod -->
  <testcase classname="com.crm.ListenerCode.DWSBaseClass" name="@BeforeMethod beforeMethod" time="-1.71696585871E9">
    <skipped/>
  </testcase> <!-- @BeforeMethod beforeMethod -->
  <testcase classname="com.crm.ListenerCode.DWSBaseClass" name="@AfterMethod afterMethod" time="-1.716965858726E9">
    <skipped/>
  </testcase> <!-- @AfterMethod afterMethod -->
  <testcase classname="com.crm.ListenerCode.DWSBaseClass" name="@BeforeMethod beforeMethod" time="-1.71696585873E9">
    <skipped/>
  </testcase> <!-- @BeforeMethod beforeMethod -->
  <testcase classname="com.crm.ListenerCode.DWSBaseClass" name="@AfterMethod afterMethod" time="-1.716965858747E9">
    <skipped/>
  </testcase> <!-- @AfterMethod afterMethod -->
  <testcase classname="com.crm.ListenerCode.DWSBaseClass" name="@AfterClass afterClass" time="-1.716965858755E9">
    <skipped/>
  </testcase> <!-- @AfterClass afterClass -->
  <testcase classname="ScreenShot.CaptureScreenshotOnFailed" name="DwsLoginCorrect" time="0.0">
    <skipped/>
  </testcase> <!-- DwsLoginCorrect -->
  <testcase classname="ScreenShot.CaptureScreenshotOnFailed" name="dwsLoginWrong" time="0.0">
    <skipped/>
  </testcase> <!-- dwsLoginWrong -->
  <testcase classname="ScreenShot.CaptureScreenshotOnFailed" name="redbus" time="0.0">
    <skipped/>
  </testcase> <!-- redbus -->
</testsuite> <!-- Test -->
